2024-10-31 17:38:29,793 - logging_config - INFO - Start training feature column Class_A00...
2024-10-31 17:40:22,628 - logging_config - INFO - The training is complete, and the model is saved
2024-10-31 17:40:23,270 - logging_config - INFO - Start training feature column Class_A01...
2024-10-31 17:42:22,082 - logging_config - INFO - The training is complete, and the model is saved
2024-10-31 17:42:22,720 - logging_config - INFO - Start training feature column Class_A02...
2024-10-31 17:44:01,593 - logging_config - INFO - The training is complete, and the model is saved
2024-10-31 17:44:02,238 - logging_config - INFO - Start training feature column Class_A03...
2024-10-31 17:45:51,703 - logging_config - INFO - The training is complete, and the model is saved
2024-10-31 17:45:52,407 - logging_config - INFO - Start training feature column Class_A04...
2024-10-31 17:47:11,280 - logging_config - INFO - The training is complete, and the model is saved
2024-10-31 17:47:11,958 - logging_config - INFO - Start training feature column Class_A05...
2024-10-31 17:48:43,232 - logging_config - INFO - The training is complete, and the model is saved
2024-10-31 17:48:43,847 - logging_config - INFO - Start training feature column Class_A06...
2024-10-31 17:50:33,844 - logging_config - INFO - The training is complete, and the model is saved
2024-10-31 17:50:34,455 - logging_config - INFO - Start training feature column Class_A07...
2024-10-31 17:52:17,848 - logging_config - INFO - The training is complete, and the model is saved
2024-10-31 17:52:18,559 - logging_config - INFO - Start training feature column Class_A08...
2024-10-31 17:53:33,793 - logging_config - INFO - The training is complete, and the model is saved
2024-10-31 17:53:35,029 - logging_config - INFO - Start training feature column Class_A09...
2024-10-31 17:54:43,195 - logging_config - INFO - The training is complete, and the model is saved
2024-10-31 17:54:43,922 - logging_config - INFO - Start training feature column Class_A15...
2024-10-31 17:56:10,567 - logging_config - INFO - The training is complete, and the model is saved
2024-10-31 17:56:11,223 - logging_config - INFO - Start training feature column Class_A16...
2024-10-31 17:57:58,031 - logging_config - INFO - The training is complete, and the model is saved
2024-10-31 17:57:58,638 - logging_config - INFO - Start training feature column Class_A17...
2024-10-31 17:58:44,323 - logging_config - INFO - The training is complete, and the model is saved
2024-10-31 17:58:44,935 - logging_config - INFO - Start training feature column Class_A18...
2024-10-31 18:00:55,578 - logging_config - INFO - The training is complete, and the model is saved
2024-10-31 18:00:56,181 - logging_config - INFO - Start training feature column Class_A19...
2024-10-31 18:02:21,522 - logging_config - INFO - The training is complete, and the model is saved
2024-10-31 18:02:23,104 - logging_config - INFO - Start training feature column Class_D50...
2024-10-31 18:03:27,121 - logging_config - INFO - The training is complete, and the model is saved
2024-10-31 18:03:27,859 - logging_config - INFO - Start training feature column Class_D51...
2024-10-31 18:04:45,124 - logging_config - INFO - The training is complete, and the model is saved
2024-10-31 18:04:45,789 - logging_config - INFO - Start training feature column Class_D52...
2024-10-31 18:06:18,511 - logging_config - INFO - The training is complete, and the model is saved
2024-10-31 18:06:19,130 - logging_config - INFO - Start training feature column Class_D53...
2024-10-31 18:08:07,423 - logging_config - INFO - The training is complete, and the model is saved
2024-10-31 18:08:08,066 - logging_config - INFO - Start training feature column Class_D55...
2024-10-31 18:08:36,973 - logging_config - INFO - The training is complete, and the model is saved
2024-10-31 18:08:37,557 - logging_config - INFO - Start training feature column Class_D56...
2024-10-31 18:10:36,766 - logging_config - INFO - The training is complete, and the model is saved
2024-10-31 18:10:37,382 - logging_config - INFO - Start training feature column Class_D57...
2024-10-31 18:12:47,664 - logging_config - INFO - The training is complete, and the model is saved
2024-10-31 18:12:48,271 - logging_config - INFO - Start training feature column Class_D58...
2024-10-31 18:14:44,084 - logging_config - INFO - The training is complete, and the model is saved
2024-10-31 18:14:44,688 - logging_config - INFO - Start training feature column Class_D59...
2024-10-31 18:16:28,850 - logging_config - INFO - The training is complete, and the model is saved
2024-10-31 18:16:29,472 - logging_config - INFO - Start training feature column Class_D60...
2024-10-31 18:17:21,537 - logging_config - INFO - The training is complete, and the model is saved
2024-10-31 18:17:22,173 - logging_config - INFO - Start training feature column Class_D61...
2024-10-31 18:18:48,754 - logging_config - INFO - The training is complete, and the model is saved
2024-10-31 18:18:49,377 - logging_config - INFO - Start training feature column Class_D62...
2024-10-31 18:20:24,119 - logging_config - INFO - The training is complete, and the model is saved
2024-10-31 18:20:24,784 - logging_config - INFO - Start training feature column Class_D63...
2024-10-31 18:21:54,975 - logging_config - INFO - The training is complete, and the model is saved
2024-10-31 18:21:56,672 - logging_config - INFO - Start training feature column Class_D64...
2024-10-31 18:23:00,200 - logging_config - INFO - The training is complete, and the model is saved
2024-10-31 18:23:00,913 - logging_config - INFO - Start training feature column Class_D65...
2024-10-31 18:24:46,239 - logging_config - INFO - The training is complete, and the model is saved
2024-10-31 18:24:46,856 - logging_config - INFO - Start training feature column Class_D66...
2024-10-31 18:26:56,421 - logging_config - INFO - The training is complete, and the model is saved
2024-10-31 18:26:57,014 - logging_config - INFO - Start training feature column Class_E01...
2024-10-31 18:28:40,755 - logging_config - INFO - The training is complete, and the model is saved
2024-10-31 18:28:41,372 - logging_config - INFO - Start training feature column Class_E02...
2024-10-31 18:30:22,271 - logging_config - INFO - The training is complete, and the model is saved
2024-10-31 18:30:24,225 - logging_config - INFO - Start training feature column Class_E03...
2024-10-31 18:31:23,600 - logging_config - INFO - The training is complete, and the model is saved
2024-10-31 18:31:24,396 - logging_config - INFO - Start training feature column Class_E04...
2024-10-31 18:32:41,400 - logging_config - INFO - The training is complete, and the model is saved
2024-10-31 18:32:42,144 - logging_config - INFO - Start training feature column Class_E05...
2024-10-31 18:33:54,064 - logging_config - INFO - The training is complete, and the model is saved
2024-10-31 18:33:54,742 - logging_config - INFO - Start training feature column Class_E06...
2024-10-31 18:35:27,180 - logging_config - INFO - The training is complete, and the model is saved
2024-10-31 18:35:27,837 - logging_config - INFO - Start training feature column Class_E07...
2024-10-31 18:36:52,426 - logging_config - INFO - The training is complete, and the model is saved
2024-10-31 18:36:53,147 - logging_config - INFO - Start training feature column Class_E10...
2024-10-31 18:38:07,674 - logging_config - INFO - The training is complete, and the model is saved
2024-10-31 18:38:10,043 - logging_config - INFO - Start training feature column Class_E11...
2024-10-31 18:39:01,892 - logging_config - INFO - The training is complete, and the model is saved
2024-10-31 18:39:02,261 - logging_config - ERROR - Error in SMOTE for column Class_E12: Expected n_neighbors <= n_samples,  but n_samples = 2, n_neighbors = 3
2024-10-31 18:39:02,262 - logging_config - INFO - Using original data for training due to insufficient samples in column Class_E12
2024-10-31 18:39:02,267 - logging_config - INFO - Start training feature column Class_E12...
2024-10-31 18:39:04,765 - logging_config - INFO - The training is complete, and the model is saved
2024-10-31 18:39:05,373 - logging_config - INFO - Start training feature column Class_E13...
2024-10-31 18:40:58,182 - logging_config - INFO - The training is complete, and the model is saved
2024-10-31 18:40:59,496 - logging_config - INFO - Start training feature column Class_E14...
2024-10-31 18:42:02,508 - logging_config - INFO - The training is complete, and the model is saved
2024-10-31 18:42:03,210 - logging_config - INFO - Start training feature column Class_E15...
2024-10-31 18:44:10,482 - logging_config - INFO - The training is complete, and the model is saved
2024-10-31 18:44:11,165 - logging_config - INFO - Start training feature column Class_E16...
2024-10-31 18:45:23,887 - logging_config - INFO - The training is complete, and the model is saved
2024-10-31 18:45:24,519 - logging_config - INFO - Start training feature column Class_E20...
2024-10-31 18:47:11,314 - logging_config - INFO - The training is complete, and the model is saved
2024-10-31 18:47:11,970 - logging_config - INFO - Start training feature column Class_F01...
2024-10-31 18:48:32,206 - logging_config - INFO - The training is complete, and the model is saved
2024-10-31 18:48:32,850 - logging_config - INFO - Start training feature column Class_F02...
2024-10-31 18:50:05,291 - logging_config - INFO - The training is complete, and the model is saved
2024-10-31 18:50:06,014 - logging_config - INFO - Start training feature column Class_F03...
2024-10-31 18:51:18,562 - logging_config - INFO - The training is complete, and the model is saved
2024-10-31 18:51:19,220 - logging_config - INFO - Start training feature column Class_F04...
2024-10-31 18:52:58,242 - logging_config - INFO - The training is complete, and the model is saved
2024-10-31 18:52:58,928 - logging_config - INFO - Start training feature column Class_F05...
2024-10-31 18:54:09,629 - logging_config - INFO - The training is complete, and the model is saved
2024-10-31 18:54:10,343 - logging_config - INFO - Start training feature column Class_F06...
2024-10-31 18:55:41,335 - logging_config - INFO - The training is complete, and the model is saved
2024-10-31 18:55:41,962 - logging_config - INFO - Start training feature column Class_F07...
2024-10-31 18:57:41,547 - logging_config - INFO - The training is complete, and the model is saved
2024-10-31 18:57:42,146 - logging_config - INFO - Start training feature column Class_F09...
2024-10-31 18:59:17,544 - logging_config - INFO - The training is complete, and the model is saved
2024-10-31 18:59:18,317 - logging_config - INFO - Start training feature column Class_F10...
2024-10-31 19:00:30,349 - logging_config - INFO - The training is complete, and the model is saved
2024-10-31 19:00:31,020 - logging_config - INFO - Start training feature column Class_F11...
2024-10-31 19:02:22,636 - logging_config - INFO - The training is complete, and the model is saved
2024-10-31 19:02:23,251 - logging_config - INFO - Start training feature column Class_F12...
2024-10-31 19:04:00,426 - logging_config - INFO - The training is complete, and the model is saved
2024-10-31 19:04:01,046 - logging_config - INFO - Start training feature column Class_F13...
2024-10-31 19:06:03,840 - logging_config - INFO - The training is complete, and the model is saved
2024-10-31 19:06:04,454 - logging_config - INFO - Start training feature column Class_F14...
2024-10-31 19:08:08,566 - logging_config - INFO - The training is complete, and the model is saved
2024-10-31 19:08:09,180 - logging_config - INFO - Start training feature column Class_F15...
2024-10-31 19:10:11,231 - logging_config - INFO - The training is complete, and the model is saved
2024-10-31 19:10:11,814 - logging_config - INFO - Start training feature column Class_F16...
2024-10-31 19:12:13,266 - logging_config - INFO - The training is complete, and the model is saved
2024-10-31 19:12:15,472 - logging_config - INFO - Start training feature column Class_F17...
2024-10-31 19:13:13,310 - logging_config - INFO - The training is complete, and the model is saved
2024-10-31 19:13:14,007 - logging_config - INFO - Start training feature column Class_G00...
2024-10-31 19:14:47,111 - logging_config - INFO - The training is complete, and the model is saved
2024-10-31 19:14:47,720 - logging_config - INFO - Start training feature column Class_G01...
2024-10-31 19:17:08,416 - logging_config - INFO - The training is complete, and the model is saved
2024-10-31 19:17:09,019 - logging_config - INFO - Start training feature column Class_G02...
2024-10-31 19:18:53,039 - logging_config - INFO - The training is complete, and the model is saved
2024-10-31 19:18:53,667 - logging_config - INFO - Start training feature column Class_G03...
2024-10-31 19:20:16,234 - logging_config - INFO - The training is complete, and the model is saved
2024-10-31 19:20:16,884 - logging_config - INFO - Start training feature column Class_G04...
2024-10-31 19:21:46,634 - logging_config - INFO - The training is complete, and the model is saved
2024-10-31 19:21:47,258 - logging_config - INFO - Start training feature column Class_G05...
2024-10-31 19:23:29,323 - logging_config - INFO - The training is complete, and the model is saved
2024-10-31 19:23:29,968 - logging_config - INFO - Start training feature column Class_G06...
2024-10-31 19:25:18,798 - logging_config - INFO - The training is complete, and the model is saved
2024-10-31 19:25:19,081 - logging_config - ERROR - Error in SMOTE for column Class_G07: Expected n_neighbors <= n_samples,  but n_samples = 2, n_neighbors = 3
2024-10-31 19:25:19,081 - logging_config - INFO - Using original data for training due to insufficient samples in column Class_G07
2024-10-31 19:25:19,086 - logging_config - INFO - Start training feature column Class_G07...
2024-10-31 19:25:21,498 - logging_config - INFO - The training is complete, and the model is saved
2024-10-31 19:25:22,082 - logging_config - INFO - Start training feature column Class_G08...
2024-10-31 19:27:23,715 - logging_config - INFO - The training is complete, and the model is saved
2024-10-31 19:27:24,312 - logging_config - INFO - Start training feature column Class_G09...
2024-10-31 19:29:21,384 - logging_config - INFO - The training is complete, and the model is saved
2024-10-31 19:29:21,975 - logging_config - INFO - Start training feature column Class_G10...
2024-10-31 19:31:37,491 - logging_config - INFO - The training is complete, and the model is saved
2024-10-31 19:31:38,089 - logging_config - INFO - Start training feature column Class_G11...
2024-10-31 19:33:26,633 - logging_config - INFO - The training is complete, and the model is saved
2024-10-31 19:33:27,260 - logging_config - INFO - Start training feature column Class_G12...
2024-10-31 19:35:08,003 - logging_config - INFO - The training is complete, and the model is saved
2024-10-31 19:35:08,609 - logging_config - INFO - Start training feature column Class_G13...
2024-10-31 19:37:17,522 - logging_config - INFO - The training is complete, and the model is saved
2024-10-31 19:37:18,125 - logging_config - INFO - Start training feature column Class_G14...
2024-10-31 19:39:07,376 - logging_config - INFO - The training is complete, and the model is saved
2024-10-31 19:39:08,064 - logging_config - INFO - Start training feature column Class_G20...
2024-10-31 19:40:24,163 - logging_config - INFO - The training is complete, and the model is saved
2024-10-31 19:40:24,828 - logging_config - INFO - Start training feature column Class_I00...
2024-10-31 19:41:43,194 - logging_config - INFO - The training is complete, and the model is saved
2024-10-31 19:41:43,818 - logging_config - INFO - Start training feature column Class_I01...
2024-10-31 19:43:27,287 - logging_config - INFO - The training is complete, and the model is saved
2024-10-31 19:43:27,901 - logging_config - INFO - Start training feature column Class_I02...
2024-10-31 19:45:23,302 - logging_config - INFO - The training is complete, and the model is saved
2024-10-31 19:45:23,904 - logging_config - INFO - Start training feature column Class_I05...
2024-10-31 19:46:59,984 - logging_config - INFO - The training is complete, and the model is saved
2024-10-31 19:47:00,600 - logging_config - INFO - Start training feature column Class_I06...
2024-10-31 19:48:56,104 - logging_config - INFO - The training is complete, and the model is saved
2024-10-31 19:48:56,741 - logging_config - INFO - Start training feature column Class_I07...
2024-10-31 19:50:16,626 - logging_config - INFO - The training is complete, and the model is saved
2024-10-31 19:50:17,365 - logging_config - INFO - Start training feature column Class_I08...
2024-10-31 19:51:29,343 - logging_config - INFO - The training is complete, and the model is saved
2024-10-31 19:51:30,010 - logging_config - INFO - Start training feature column Class_I09...
2024-10-31 19:53:21,958 - logging_config - INFO - The training is complete, and the model is saved
2024-10-31 19:53:22,576 - logging_config - INFO - Start training feature column Class_I11...
2024-10-31 19:54:48,559 - logging_config - INFO - The training is complete, and the model is saved
2024-10-31 19:54:49,235 - logging_config - INFO - Start training feature column Class_I12...
2024-10-31 19:56:16,706 - logging_config - INFO - The training is complete, and the model is saved
2024-10-31 19:56:17,337 - logging_config - INFO - Start training feature column Class_I13...
2024-10-31 19:58:20,203 - logging_config - INFO - The training is complete, and the model is saved
2024-10-31 19:58:22,021 - logging_config - INFO - Start training feature column Class_I20...
2024-10-31 19:59:16,330 - logging_config - INFO - The training is complete, and the model is saved
2024-10-31 19:59:17,753 - logging_config - INFO - Start training feature column Class_I21...
2024-10-31 20:00:17,413 - logging_config - INFO - The training is complete, and the model is saved
2024-10-31 20:00:18,106 - logging_config - INFO - Start training feature column Class_I22...
2024-10-31 20:01:54,154 - logging_config - INFO - The training is complete, and the model is saved
2024-10-31 20:01:55,325 - logging_config - INFO - Start training feature column Class_I50...
2024-10-31 20:02:54,996 - logging_config - INFO - The training is complete, and the model is saved
2024-10-31 20:02:58,603 - logging_config - INFO - Start training feature column Class_I25...
2024-10-31 20:03:48,720 - logging_config - INFO - The training is complete, and the model is saved
2024-10-31 20:03:51,102 - logging_config - INFO - Start training feature column Class_I48...
2024-10-31 20:04:48,331 - logging_config - INFO - The training is complete, and the model is saved
2024-10-31 20:04:49,319 - logging_config - INFO - Start training feature column Class_I63...
2024-10-31 20:05:54,680 - logging_config - INFO - The training is complete, and the model is saved
2024-10-31 20:06:14,577 - logging_config - INFO - Start training feature column Class_I10...
2024-10-31 20:06:40,020 - logging_config - INFO - The training is complete, and the model is saved
2024-10-31 20:06:40,813 - logging_config - INFO - Start training feature column Class_F00...
2024-10-31 20:07:58,818 - logging_config - INFO - The training is complete, and the model is saved
2024-10-31 20:07:59,476 - logging_config - INFO - Start training feature column Class_F20...
2024-10-31 20:09:30,238 - logging_config - INFO - The training is complete, and the model is saved
2024-10-31 20:09:31,174 - logging_config - INFO - Start training feature column Class_C50...
2024-10-31 20:10:33,914 - logging_config - INFO - The training is complete, and the model is saved
2024-10-31 20:10:34,677 - logging_config - INFO - Start training feature column Class_C18...
2024-10-31 20:11:41,619 - logging_config - INFO - The training is complete, and the model is saved
2024-10-31 20:11:42,309 - logging_config - INFO - Start training feature column Class_C56...
2024-10-31 20:13:08,185 - logging_config - INFO - The training is complete, and the model is saved
2024-10-31 20:13:13,153 - logging_config - INFO - Start training feature column Class_J45...
2024-10-31 20:13:58,217 - logging_config - INFO - The training is complete, and the model is saved
2024-10-31 20:13:59,065 - logging_config - INFO - Start training feature column Class_M05...
2024-10-31 20:15:04,078 - logging_config - INFO - The training is complete, and the model is saved
